<?xml version="1.0" encoding="UTF-8"?>
<testsuite name="com.example.acdc.service.UserServiceTest" tests="3" skipped="0" failures="0" errors="0" timestamp="2023-11-02T17:18:12" hostname="BaeHyeonUui-MacBookAir.local" time="0.533">
  <properties/>
  <testcase name="test_save_and_findOne()" classname="com.example.acdc.service.UserServiceTest" time="0.51"/>
  <testcase name="test_findByName()" classname="com.example.acdc.service.UserServiceTest" time="0.018"/>
  <testcase name="test_nullUser()" classname="com.example.acdc.service.UserServiceTest" time="0.003"/>
  <system-out><![CDATA[
  .   ____          _            __ _ _
 /\\ / ___'_ __ _ _(_)_ __  __ _ \ \ \ \
( ( )\___ | '_ | '_| | '_ \/ _` | \ \ \ \
 \\/  ___)| |_)| | | | | || (_| |  ) ) ) )
  '  |____| .__|_| |_|_| |_\__, | / / / /
 =========|_|==============|___/=/_/_/_/
 :: Spring Boot ::                (v3.1.3)

2023-11-03T02:18:10.603+09:00  INFO 6284 --- [    Test worker] c.example.acdc.service.UserServiceTest   : Starting UserServiceTest using Java 17.0.7 with PID 6284 (started by dwr_hw_516 in /Users/dwr_hw_516/IdeaProjects/ACDC)
2023-11-03T02:18:10.604+09:00  INFO 6284 --- [    Test worker] c.example.acdc.service.UserServiceTest   : No active profile set, falling back to 1 default profile: "default"
2023-11-03T02:18:10.888+09:00  INFO 6284 --- [    Test worker] .s.d.r.c.RepositoryConfigurationDelegate : Bootstrapping Spring Data JPA repositories in DEFAULT mode.
2023-11-03T02:18:10.900+09:00  INFO 6284 --- [    Test worker] .s.d.r.c.RepositoryConfigurationDelegate : Finished Spring Data repository scanning in 8 ms. Found 0 JPA repository interfaces.
2023-11-03T02:18:11.086+09:00  INFO 6284 --- [    Test worker] o.hibernate.jpa.internal.util.LogHelper  : HHH000204: Processing PersistenceUnitInfo [name: default]
2023-11-03T02:18:11.109+09:00  INFO 6284 --- [    Test worker] org.hibernate.Version                    : HHH000412: Hibernate ORM core version 6.2.7.Final
2023-11-03T02:18:11.110+09:00  INFO 6284 --- [    Test worker] org.hibernate.cfg.Environment            : HHH000406: Using bytecode reflection optimizer
2023-11-03T02:18:11.158+09:00 DEBUG 6284 --- [    Test worker] org.hibernate.type.BasicTypeRegistry     : Adding type registration boolean -> org.hibernate.type.BasicTypeReference@30922f8d
2023-11-03T02:18:11.158+09:00 DEBUG 6284 --- [    Test worker] org.hibernate.type.BasicTypeRegistry     : Adding type registration boolean -> org.hibernate.type.BasicTypeReference@30922f8d
2023-11-03T02:18:11.158+09:00 DEBUG 6284 --- [    Test worker] org.hibernate.type.BasicTypeRegistry     : Adding type registration java.lang.Boolean -> org.hibernate.type.BasicTypeReference@30922f8d
2023-11-03T02:18:11.158+09:00 DEBUG 6284 --- [    Test worker] org.hibernate.type.BasicTypeRegistry     : Adding type registration numeric_boolean -> org.hibernate.type.BasicTypeReference@50211483
2023-11-03T02:18:11.158+09:00 DEBUG 6284 --- [    Test worker] org.hibernate.type.BasicTypeRegistry     : Adding type registration org.hibernate.type.NumericBooleanConverter -> org.hibernate.type.BasicTypeReference@50211483
2023-11-03T02:18:11.158+09:00 DEBUG 6284 --- [    Test worker] org.hibernate.type.BasicTypeRegistry     : Adding type registration true_false -> org.hibernate.type.BasicTypeReference@51ff3c4b
2023-11-03T02:18:11.158+09:00 DEBUG 6284 --- [    Test worker] org.hibernate.type.BasicTypeRegistry     : Adding type registration org.hibernate.type.TrueFalseConverter -> org.hibernate.type.BasicTypeReference@51ff3c4b
2023-11-03T02:18:11.158+09:00 DEBUG 6284 --- [    Test worker] org.hibernate.type.BasicTypeRegistry     : Adding type registration yes_no -> org.hibernate.type.BasicTypeReference@1472208d
2023-11-03T02:18:11.158+09:00 DEBUG 6284 --- [    Test worker] org.hibernate.type.BasicTypeRegistry     : Adding type registration org.hibernate.type.YesNoConverter -> org.hibernate.type.BasicTypeReference@1472208d
2023-11-03T02:18:11.158+09:00 DEBUG 6284 --- [    Test worker] org.hibernate.type.BasicTypeRegistry     : Adding type registration byte -> org.hibernate.type.BasicTypeReference@35bd8bc9
2023-11-03T02:18:11.158+09:00 DEBUG 6284 --- [    Test worker] org.hibernate.type.BasicTypeRegistry     : Adding type registration byte -> org.hibernate.type.BasicTypeReference@35bd8bc9
2023-11-03T02:18:11.159+09:00 DEBUG 6284 --- [    Test worker] org.hibernate.type.BasicTypeRegistry     : Adding type registration java.lang.Byte -> org.hibernate.type.BasicTypeReference@35bd8bc9
2023-11-03T02:18:11.159+09:00 DEBUG 6284 --- [    Test worker] org.hibernate.type.BasicTypeRegistry     : Adding type registration binary -> org.hibernate.type.BasicTypeReference@6de004f1
2023-11-03T02:18:11.159+09:00 DEBUG 6284 --- [    Test worker] org.hibernate.type.BasicTypeRegistry     : Adding type registration byte[] -> org.hibernate.type.BasicTypeReference@6de004f1
2023-11-03T02:18:11.159+09:00 DEBUG 6284 --- [    Test worker] org.hibernate.type.BasicTypeRegistry     : Adding type registration [B -> org.hibernate.type.BasicTypeReference@6de004f1
2023-11-03T02:18:11.159+09:00 DEBUG 6284 --- [    Test worker] org.hibernate.type.BasicTypeRegistry     : Adding type registration binary_wrapper -> org.hibernate.type.BasicTypeReference@191c6e13
2023-11-03T02:18:11.159+09:00 DEBUG 6284 --- [    Test worker] org.hibernate.type.BasicTypeRegistry     : Adding type registration wrapper-binary -> org.hibernate.type.BasicTypeReference@191c6e13
2023-11-03T02:18:11.159+09:00 DEBUG 6284 --- [    Test worker] org.hibernate.type.BasicTypeRegistry     : Adding type registration image -> org.hibernate.type.BasicTypeReference@7436364d
2023-11-03T02:18:11.159+09:00 DEBUG 6284 --- [    Test worker] org.hibernate.type.BasicTypeRegistry     : Adding type registration blob -> org.hibernate.type.BasicTypeReference@1a8e9ed9
2023-11-03T02:18:11.159+09:00 DEBUG 6284 --- [    Test worker] org.hibernate.type.BasicTypeRegistry     : Adding type registration java.sql.Blob -> org.hibernate.type.BasicTypeReference@1a8e9ed9
2023-11-03T02:18:11.159+09:00 DEBUG 6284 --- [    Test worker] org.hibernate.type.BasicTypeRegistry     : Adding type registration materialized_blob -> org.hibernate.type.BasicTypeReference@68ea253b
2023-11-03T02:18:11.159+09:00 DEBUG 6284 --- [    Test worker] org.hibernate.type.BasicTypeRegistry     : Adding type registration materialized_blob_wrapper -> org.hibernate.type.BasicTypeReference@12fcb2c3
2023-11-03T02:18:11.159+09:00 DEBUG 6284 --- [    Test worker] org.hibernate.type.BasicTypeRegistry     : Adding type registration short -> org.hibernate.type.BasicTypeReference@57bd6a8f
2023-11-03T02:18:11.159+09:00 DEBUG 6284 --- [    Test worker] org.hibernate.type.BasicTypeRegistry     : Adding type registration short -> org.hibernate.type.BasicTypeReference@57bd6a8f
2023-11-03T02:18:11.160+09:00 DEBUG 6284 --- [    Test worker] org.hibernate.type.BasicTypeRegistry     : Adding type registration java.lang.Short -> org.hibernate.type.BasicTypeReference@57bd6a8f
2023-11-03T02:18:11.160+09:00 DEBUG 6284 --- [    Test worker] org.hibernate.type.BasicTypeRegistry     : Adding type registration integer -> org.hibernate.type.BasicTypeReference@39ab5ef7
2023-11-03T02:18:11.160+09:00 DEBUG 6284 --- [    Test worker] org.hibernate.type.BasicTypeRegistry     : Adding type registration int -> org.hibernate.type.BasicTypeReference@39ab5ef7
2023-11-03T02:18:11.160+09:00 DEBUG 6284 --- [    Test worker] org.hibernate.type.BasicTypeRegistry     : Adding type registration java.lang.Integer -> org.hibernate.type.BasicTypeReference@39ab5ef7
2023-11-03T02:18:11.160+09:00 DEBUG 6284 --- [    Test worker] org.hibernate.type.BasicTypeRegistry     : Adding type registration long -> org.hibernate.type.BasicTypeReference@517704
2023-11-03T02:18:11.160+09:00 DEBUG 6284 --- [    Test worker] org.hibernate.type.BasicTypeRegistry     : Adding type registration long -> org.hibernate.type.BasicTypeReference@517704
2023-11-03T02:18:11.160+09:00 DEBUG 6284 --- [    Test worker] org.hibernate.type.BasicTypeRegistry     : Adding type registration java.lang.Long -> org.hibernate.type.BasicTypeReference@517704
2023-11-03T02:18:11.160+09:00 DEBUG 6284 --- [    Test worker] org.hibernate.type.BasicTypeRegistry     : Adding type registration float -> org.hibernate.type.BasicTypeReference@77cca767
2023-11-03T02:18:11.160+09:00 DEBUG 6284 --- [    Test worker] org.hibernate.type.BasicTypeRegistry     : Adding type registration float -> org.hibernate.type.BasicTypeReference@77cca767
2023-11-03T02:18:11.160+09:00 DEBUG 6284 --- [    Test worker] org.hibernate.type.BasicTypeRegistry     : Adding type registration java.lang.Float -> org.hibernate.type.BasicTypeReference@77cca767
2023-11-03T02:18:11.160+09:00 DEBUG 6284 --- [    Test worker] org.hibernate.type.BasicTypeRegistry     : Adding type registration double -> org.hibernate.type.BasicTypeReference@4b195203
2023-11-03T02:18:11.160+09:00 DEBUG 6284 --- [    Test worker] org.hibernate.type.BasicTypeRegistry     : Adding type registration double -> org.hibernate.type.BasicTypeReference@4b195203
2023-11-03T02:18:11.160+09:00 DEBUG 6284 --- [    Test worker] org.hibernate.type.BasicTypeRegistry     : Adding type registration java.lang.Double -> org.hibernate.type.BasicTypeReference@4b195203
2023-11-03T02:18:11.160+09:00 DEBUG 6284 --- [    Test worker] org.hibernate.type.BasicTypeRegistry     : Adding type registration big_integer -> org.hibernate.type.BasicTypeReference@28a6e171
2023-11-03T02:18:11.160+09:00 DEBUG 6284 --- [    Test worker] org.hibernate.type.BasicTypeRegistry     : Adding type registration java.math.BigInteger -> org.hibernate.type.BasicTypeReference@28a6e171
2023-11-03T02:18:11.160+09:00 DEBUG 6284 --- [    Test worker] org.hibernate.type.BasicTypeRegistry     : Adding type registration big_decimal -> org.hibernate.type.BasicTypeReference@23444a36
2023-11-03T02:18:11.160+09:00 DEBUG 6284 --- [    Test worker] org.hibernate.type.BasicTypeRegistry     : Adding type registration java.math.BigDecimal -> org.hibernate.type.BasicTypeReference@23444a36
2023-11-03T02:18:11.160+09:00 DEBUG 6284 --- [    Test worker] org.hibernate.type.BasicTypeRegistry     : Adding type registration character -> org.hibernate.type.BasicTypeReference@31a136a6
2023-11-03T02:18:11.160+09:00 DEBUG 6284 --- [    Test worker] org.hibernate.type.BasicTypeRegistry     : Adding type registration char -> org.hibernate.type.BasicTypeReference@31a136a6
2023-11-03T02:18:11.161+09:00 DEBUG 6284 --- [    Test worker] org.hibernate.type.BasicTypeRegistry     : Adding type registration java.lang.Character -> org.hibernate.type.BasicTypeReference@31a136a6
2023-11-03T02:18:11.161+09:00 DEBUG 6284 --- [    Test worker] org.hibernate.type.BasicTypeRegistry     : Adding type registration character_nchar -> org.hibernate.type.BasicTypeReference@30a9e3db
2023-11-03T02:18:11.161+09:00 DEBUG 6284 --- [    Test worker] org.hibernate.type.BasicTypeRegistry     : Adding type registration string -> org.hibernate.type.BasicTypeReference@2f9b21d6
2023-11-03T02:18:11.161+09:00 DEBUG 6284 --- [    Test worker] org.hibernate.type.BasicTypeRegistry     : Adding type registration java.lang.String -> org.hibernate.type.BasicTypeReference@2f9b21d6
2023-11-03T02:18:11.161+09:00 DEBUG 6284 --- [    Test worker] org.hibernate.type.BasicTypeRegistry     : Adding type registration nstring -> org.hibernate.type.BasicTypeReference@2e0fdbe9
2023-11-03T02:18:11.161+09:00 DEBUG 6284 --- [    Test worker] org.hibernate.type.BasicTypeRegistry     : Adding type registration characters -> org.hibernate.type.BasicTypeReference@16a3cc88
2023-11-03T02:18:11.161+09:00 DEBUG 6284 --- [    Test worker] org.hibernate.type.BasicTypeRegistry     : Adding type registration char[] -> org.hibernate.type.BasicTypeReference@16a3cc88
2023-11-03T02:18:11.161+09:00 DEBUG 6284 --- [    Test worker] org.hibernate.type.BasicTypeRegistry     : Adding type registration [C -> org.hibernate.type.BasicTypeReference@16a3cc88
2023-11-03T02:18:11.161+09:00 DEBUG 6284 --- [    Test worker] org.hibernate.type.BasicTypeRegistry     : Adding type registration wrapper-characters -> org.hibernate.type.BasicTypeReference@696b52bc
2023-11-03T02:18:11.161+09:00 DEBUG 6284 --- [    Test worker] org.hibernate.type.BasicTypeRegistry     : Adding type registration text -> org.hibernate.type.BasicTypeReference@1f884bd6
2023-11-03T02:18:11.161+09:00 DEBUG 6284 --- [    Test worker] org.hibernate.type.BasicTypeRegistry     : Adding type registration ntext -> org.hibernate.type.BasicTypeReference@4f081b5d
2023-11-03T02:18:11.161+09:00 DEBUG 6284 --- [    Test worker] org.hibernate.type.BasicTypeRegistry     : Adding type registration clob -> org.hibernate.type.BasicTypeReference@474749b8
2023-11-03T02:18:11.161+09:00 DEBUG 6284 --- [    Test worker] org.hibernate.type.BasicTypeRegistry     : Adding type registration java.sql.Clob -> org.hibernate.type.BasicTypeReference@474749b8
2023-11-03T02:18:11.161+09:00 DEBUG 6284 --- [    Test worker] org.hibernate.type.BasicTypeRegistry     : Adding type registration nclob -> org.hibernate.type.BasicTypeReference@740a0d5e
2023-11-03T02:18:11.161+09:00 DEBUG 6284 --- [    Test worker] org.hibernate.type.BasicTypeRegistry     : Adding type registration java.sql.NClob -> org.hibernate.type.BasicTypeReference@740a0d5e
2023-11-03T02:18:11.161+09:00 DEBUG 6284 --- [    Test worker] org.hibernate.type.BasicTypeRegistry     : Adding type registration materialized_clob -> org.hibernate.type.BasicTypeReference@29013ef2
2023-11-03T02:18:11.161+09:00 DEBUG 6284 --- [    Test worker] org.hibernate.type.BasicTypeRegistry     : Adding type registration materialized_clob_char_array -> org.hibernate.type.BasicTypeReference@265c1a7c
2023-11-03T02:18:11.161+09:00 DEBUG 6284 --- [    Test worker] org.hibernate.type.BasicTypeRegistry     : Adding type registration materialized_clob_character_array -> org.hibernate.type.BasicTypeReference@5b2b8d86
2023-11-03T02:18:11.161+09:00 DEBUG 6284 --- [    Test worker] org.hibernate.type.BasicTypeRegistry     : Adding type registration materialized_nclob -> org.hibernate.type.BasicTypeReference@7fef0b40
2023-11-03T02:18:11.162+09:00 DEBUG 6284 --- [    Test worker] org.hibernate.type.BasicTypeRegistry     : Adding type registration materialized_nclob_character_array -> org.hibernate.type.BasicTypeReference@5f395ce1
2023-11-03T02:18:11.162+09:00 DEBUG 6284 --- [    Test worker] org.hibernate.type.BasicTypeRegistry     : Adding type registration materialized_nclob_char_array -> org.hibernate.type.BasicTypeReference@19f02280
2023-11-03T02:18:11.162+09:00 DEBUG 6284 --- [    Test worker] org.hibernate.type.BasicTypeRegistry     : Adding type registration Duration -> org.hibernate.type.BasicTypeReference@1e30db85
2023-11-03T02:18:11.162+09:00 DEBUG 6284 --- [    Test worker] org.hibernate.type.BasicTypeRegistry     : Adding type registration java.time.Duration -> org.hibernate.type.BasicTypeReference@1e30db85
2023-11-03T02:18:11.162+09:00 DEBUG 6284 --- [    Test worker] org.hibernate.type.BasicTypeRegistry     : Adding type registration LocalDateTime -> org.hibernate.type.BasicTypeReference@19827608
2023-11-03T02:18:11.162+09:00 DEBUG 6284 --- [    Test worker] org.hibernate.type.BasicTypeRegistry     : Adding type registration java.time.LocalDateTime -> org.hibernate.type.BasicTypeReference@19827608
2023-11-03T02:18:11.162+09:00 DEBUG 6284 --- [    Test worker] org.hibernate.type.BasicTypeRegistry     : Adding type registration LocalDate -> org.hibernate.type.BasicTypeReference@cc9ef8d
2023-11-03T02:18:11.162+09:00 DEBUG 6284 --- [    Test worker] org.hibernate.type.BasicTypeRegistry     : Adding type registration java.time.LocalDate -> org.hibernate.type.BasicTypeReference@cc9ef8d
2023-11-03T02:18:11.162+09:00 DEBUG 6284 --- [    Test worker] org.hibernate.type.BasicTypeRegistry     : Adding type registration LocalTime -> org.hibernate.type.BasicTypeReference@14b528b6
2023-11-03T02:18:11.162+09:00 DEBUG 6284 --- [    Test worker] org.hibernate.type.BasicTypeRegistry     : Adding type registration java.time.LocalTime -> org.hibernate.type.BasicTypeReference@14b528b6
2023-11-03T02:18:11.162+09:00 DEBUG 6284 --- [    Test worker] org.hibernate.type.BasicTypeRegistry     : Adding type registration OffsetDateTime -> org.hibernate.type.BasicTypeReference@c412556
2023-11-03T02:18:11.162+09:00 DEBUG 6284 --- [    Test worker] org.hibernate.type.BasicTypeRegistry     : Adding type registration java.time.OffsetDateTime -> org.hibernate.type.BasicTypeReference@c412556
2023-11-03T02:18:11.162+09:00 DEBUG 6284 --- [    Test worker] org.hibernate.type.BasicTypeRegistry     : Adding type registration OffsetDateTimeWithTimezone -> org.hibernate.type.BasicTypeReference@6f930e0
2023-11-03T02:18:11.162+09:00 DEBUG 6284 --- [    Test worker] org.hibernate.type.BasicTypeRegistry     : Adding type registration OffsetDateTimeWithoutTimezone -> org.hibernate.type.BasicTypeReference@450f0235
2023-11-03T02:18:11.162+09:00 DEBUG 6284 --- [    Test worker] org.hibernate.type.BasicTypeRegistry     : Adding type registration OffsetTime -> org.hibernate.type.BasicTypeReference@78c262ba
2023-11-03T02:18:11.162+09:00 DEBUG 6284 --- [    Test worker] org.hibernate.type.BasicTypeRegistry     : Adding type registration java.time.OffsetTime -> org.hibernate.type.BasicTypeReference@78c262ba
2023-11-03T02:18:11.162+09:00 DEBUG 6284 --- [    Test worker] org.hibernate.type.BasicTypeRegistry     : Adding type registration OffsetTimeUtc -> org.hibernate.type.BasicTypeReference@7d2c9361
2023-11-03T02:18:11.162+09:00 DEBUG 6284 --- [    Test worker] org.hibernate.type.BasicTypeRegistry     : Adding type registration OffsetTimeWithTimezone -> org.hibernate.type.BasicTypeReference@329dc214
2023-11-03T02:18:11.162+09:00 DEBUG 6284 --- [    Test worker] org.hibernate.type.BasicTypeRegistry     : Adding type registration OffsetTimeWithoutTimezone -> org.hibernate.type.BasicTypeReference@fbe70d8
2023-11-03T02:18:11.162+09:00 DEBUG 6284 --- [    Test worker] org.hibernate.type.BasicTypeRegistry     : Adding type registration ZonedDateTime -> org.hibernate.type.BasicTypeReference@64021427
2023-11-03T02:18:11.162+09:00 DEBUG 6284 --- [    Test worker] org.hibernate.type.BasicTypeRegistry     : Adding type registration java.time.ZonedDateTime -> org.hibernate.type.BasicTypeReference@64021427
2023-11-03T02:18:11.162+09:00 DEBUG 6284 --- [    Test worker] org.hibernate.type.BasicTypeRegistry     : Adding type registration ZonedDateTimeWithTimezone -> org.hibernate.type.BasicTypeReference@7d2c345d
2023-11-03T02:18:11.162+09:00 DEBUG 6284 --- [    Test worker] org.hibernate.type.BasicTypeRegistry     : Adding type registration ZonedDateTimeWithoutTimezone -> org.hibernate.type.BasicTypeReference@217dc48e
2023-11-03T02:18:11.163+09:00 DEBUG 6284 --- [    Test worker] org.hibernate.type.BasicTypeRegistry     : Adding type registration date -> org.hibernate.type.BasicTypeReference@5db948c9
2023-11-03T02:18:11.163+09:00 DEBUG 6284 --- [    Test worker] org.hibernate.type.BasicTypeRegistry     : Adding type registration java.sql.Date -> org.hibernate.type.BasicTypeReference@5db948c9
2023-11-03T02:18:11.163+09:00 DEBUG 6284 --- [    Test worker] org.hibernate.type.BasicTypeRegistry     : Adding type registration time -> org.hibernate.type.BasicTypeReference@296edc75
2023-11-03T02:18:11.163+09:00 DEBUG 6284 --- [    Test worker] org.hibernate.type.BasicTypeRegistry     : Adding type registration java.sql.Time -> org.hibernate.type.BasicTypeReference@296edc75
2023-11-03T02:18:11.163+09:00 DEBUG 6284 --- [    Test worker] org.hibernate.type.BasicTypeRegistry     : Adding type registration timestamp -> org.hibernate.type.BasicTypeReference@357c9bd9
2023-11-03T02:18:11.163+09:00 DEBUG 6284 --- [    Test worker] org.hibernate.type.BasicTypeRegistry     : Adding type registration java.sql.Timestamp -> org.hibernate.type.BasicTypeReference@357c9bd9
2023-11-03T02:18:11.163+09:00 DEBUG 6284 --- [    Test worker] org.hibernate.type.BasicTypeRegistry     : Adding type registration java.util.Date -> org.hibernate.type.BasicTypeReference@357c9bd9
2023-11-03T02:18:11.163+09:00 DEBUG 6284 --- [    Test worker] org.hibernate.type.BasicTypeRegistry     : Adding type registration calendar -> org.hibernate.type.BasicTypeReference@7aea704c
2023-11-03T02:18:11.163+09:00 DEBUG 6284 --- [    Test worker] org.hibernate.type.BasicTypeRegistry     : Adding type registration java.util.Calendar -> org.hibernate.type.BasicTypeReference@7aea704c
2023-11-03T02:18:11.163+09:00 DEBUG 6284 --- [    Test worker] org.hibernate.type.BasicTypeRegistry     : Adding type registration java.util.GregorianCalendar -> org.hibernate.type.BasicTypeReference@7aea704c
2023-11-03T02:18:11.163+09:00 DEBUG 6284 --- [    Test worker] org.hibernate.type.BasicTypeRegistry     : Adding type registration calendar_date -> org.hibernate.type.BasicTypeReference@6d0290d8
2023-11-03T02:18:11.163+09:00 DEBUG 6284 --- [    Test worker] org.hibernate.type.BasicTypeRegistry     : Adding type registration calendar_time -> org.hibernate.type.BasicTypeReference@32507479
2023-11-03T02:18:11.163+09:00 DEBUG 6284 --- [    Test worker] org.hibernate.type.BasicTypeRegistry     : Adding type registration instant -> org.hibernate.type.BasicTypeReference@632383b9
2023-11-03T02:18:11.163+09:00 DEBUG 6284 --- [    Test worker] org.hibernate.type.BasicTypeRegistry     : Adding type registration java.time.Instant -> org.hibernate.type.BasicTypeReference@632383b9
2023-11-03T02:18:11.163+09:00 DEBUG 6284 --- [    Test worker] org.hibernate.type.BasicTypeRegistry     : Adding type registration uuid -> org.hibernate.type.BasicTypeReference@4ae2e781
2023-11-03T02:18:11.163+09:00 DEBUG 6284 --- [    Test worker] org.hibernate.type.BasicTypeRegistry     : Adding type registration java.util.UUID -> org.hibernate.type.BasicTypeReference@4ae2e781
2023-11-03T02:18:11.163+09:00 DEBUG 6284 --- [    Test worker] org.hibernate.type.BasicTypeRegistry     : Adding type registration pg-uuid -> org.hibernate.type.BasicTypeReference@4ae2e781
2023-11-03T02:18:11.163+09:00 DEBUG 6284 --- [    Test worker] org.hibernate.type.BasicTypeRegistry     : Adding type registration uuid-binary -> org.hibernate.type.BasicTypeReference@339f3a55
2023-11-03T02:18:11.163+09:00 DEBUG 6284 --- [    Test worker] org.hibernate.type.BasicTypeRegistry     : Adding type registration uuid-char -> org.hibernate.type.BasicTypeReference@2dd63e3
2023-11-03T02:18:11.164+09:00 DEBUG 6284 --- [    Test worker] org.hibernate.type.BasicTypeRegistry     : Adding type registration class -> org.hibernate.type.BasicTypeReference@7d1c164a
2023-11-03T02:18:11.164+09:00 DEBUG 6284 --- [    Test worker] org.hibernate.type.BasicTypeRegistry     : Adding type registration java.lang.Class -> org.hibernate.type.BasicTypeReference@7d1c164a
2023-11-03T02:18:11.164+09:00 DEBUG 6284 --- [    Test worker] org.hibernate.type.BasicTypeRegistry     : Adding type registration currency -> org.hibernate.type.BasicTypeReference@209f3887
2023-11-03T02:18:11.164+09:00 DEBUG 6284 --- [    Test worker] org.hibernate.type.BasicTypeRegistry     : Adding type registration Currency -> org.hibernate.type.BasicTypeReference@209f3887
2023-11-03T02:18:11.164+09:00 DEBUG 6284 --- [    Test worker] org.hibernate.type.BasicTypeRegistry     : Adding type registration java.util.Currency -> org.hibernate.type.BasicTypeReference@209f3887
2023-11-03T02:18:11.164+09:00 DEBUG 6284 --- [    Test worker] org.hibernate.type.BasicTypeRegistry     : Adding type registration locale -> org.hibernate.type.BasicTypeReference@6a98f353
2023-11-03T02:18:11.164+09:00 DEBUG 6284 --- [    Test worker] org.hibernate.type.BasicTypeRegistry     : Adding type registration java.util.Locale -> org.hibernate.type.BasicTypeReference@6a98f353
2023-11-03T02:18:11.164+09:00 DEBUG 6284 --- [    Test worker] org.hibernate.type.BasicTypeRegistry     : Adding type registration serializable -> org.hibernate.type.BasicTypeReference@3b35798
2023-11-03T02:18:11.164+09:00 DEBUG 6284 --- [    Test worker] org.hibernate.type.BasicTypeRegistry     : Adding type registration java.io.Serializable -> org.hibernate.type.BasicTypeReference@3b35798
2023-11-03T02:18:11.164+09:00 DEBUG 6284 --- [    Test worker] org.hibernate.type.BasicTypeRegistry     : Adding type registration timezone -> org.hibernate.type.BasicTypeReference@1e00bfe2
2023-11-03T02:18:11.164+09:00 DEBUG 6284 --- [    Test worker] org.hibernate.type.BasicTypeRegistry     : Adding type registration java.util.TimeZone -> org.hibernate.type.BasicTypeReference@1e00bfe2
2023-11-03T02:18:11.164+09:00 DEBUG 6284 --- [    Test worker] org.hibernate.type.BasicTypeRegistry     : Adding type registration ZoneOffset -> org.hibernate.type.BasicTypeReference@4702e7a5
2023-11-03T02:18:11.164+09:00 DEBUG 6284 --- [    Test worker] org.hibernate.type.BasicTypeRegistry     : Adding type registration java.time.ZoneOffset -> org.hibernate.type.BasicTypeReference@4702e7a5
2023-11-03T02:18:11.164+09:00 DEBUG 6284 --- [    Test worker] org.hibernate.type.BasicTypeRegistry     : Adding type registration url -> org.hibernate.type.BasicTypeReference@6a2d867d
2023-11-03T02:18:11.164+09:00 DEBUG 6284 --- [    Test worker] org.hibernate.type.BasicTypeRegistry     : Adding type registration java.net.URL -> org.hibernate.type.BasicTypeReference@6a2d867d
2023-11-03T02:18:11.164+09:00 DEBUG 6284 --- [    Test worker] org.hibernate.type.BasicTypeRegistry     : Adding type registration row_version -> org.hibernate.type.BasicTypeReference@73bb1337
2023-11-03T02:18:11.166+09:00 DEBUG 6284 --- [    Test worker] org.hibernate.type.BasicTypeRegistry     : Adding type registration object -> org.hibernate.type.JavaObjectType@58aa1d72
2023-11-03T02:18:11.166+09:00 DEBUG 6284 --- [    Test worker] org.hibernate.type.BasicTypeRegistry     : Adding type registration java.lang.Object -> org.hibernate.type.JavaObjectType@58aa1d72
2023-11-03T02:18:11.167+09:00 DEBUG 6284 --- [    Test worker] org.hibernate.type.BasicTypeRegistry     : Adding type registration null -> org.hibernate.type.NullType@7d3691e1
2023-11-03T02:18:11.167+09:00 DEBUG 6284 --- [    Test worker] org.hibernate.type.BasicTypeRegistry     : Adding type registration imm_date -> org.hibernate.type.BasicTypeReference@46a123e4
2023-11-03T02:18:11.167+09:00 DEBUG 6284 --- [    Test worker] org.hibernate.type.BasicTypeRegistry     : Adding type registration imm_time -> org.hibernate.type.BasicTypeReference@44bc2449
2023-11-03T02:18:11.167+09:00 DEBUG 6284 --- [    Test worker] org.hibernate.type.BasicTypeRegistry     : Adding type registration imm_timestamp -> org.hibernate.type.BasicTypeReference@3c28e5b6
2023-11-03T02:18:11.167+09:00 DEBUG 6284 --- [    Test worker] org.hibernate.type.BasicTypeRegistry     : Adding type registration imm_calendar -> org.hibernate.type.BasicTypeReference@7558c24b
2023-11-03T02:18:11.167+09:00 DEBUG 6284 --- [    Test worker] org.hibernate.type.BasicTypeRegistry     : Adding type registration imm_calendar_date -> org.hibernate.type.BasicTypeReference@3a296107
2023-11-03T02:18:11.167+09:00 DEBUG 6284 --- [    Test worker] org.hibernate.type.BasicTypeRegistry     : Adding type registration imm_calendar_time -> org.hibernate.type.BasicTypeReference@1f129467
2023-11-03T02:18:11.167+09:00 DEBUG 6284 --- [    Test worker] org.hibernate.type.BasicTypeRegistry     : Adding type registration imm_binary -> org.hibernate.type.BasicTypeReference@646cd766
2023-11-03T02:18:11.167+09:00 DEBUG 6284 --- [    Test worker] org.hibernate.type.BasicTypeRegistry     : Adding type registration imm_serializable -> org.hibernate.type.BasicTypeReference@57151b3a
2023-11-03T02:18:11.176+09:00  INFO 6284 --- [    Test worker] o.h.b.i.BytecodeProviderInitiator        : HHH000021: Bytecode provider name : bytebuddy
2023-11-03T02:18:11.237+09:00  INFO 6284 --- [    Test worker] o.s.o.j.p.SpringPersistenceUnitInfo      : No LoadTimeWeaver setup: ignoring JPA class transformer
2023-11-03T02:18:11.247+09:00  INFO 6284 --- [    Test worker] com.zaxxer.hikari.HikariDataSource       : HikariPool-1 - Starting...
2023-11-03T02:18:11.331+09:00  INFO 6284 --- [    Test worker] com.zaxxer.hikari.pool.HikariPool        : HikariPool-1 - Added connection com.mysql.cj.jdbc.ConnectionImpl@5908e6d6
2023-11-03T02:18:11.332+09:00  INFO 6284 --- [    Test worker] com.zaxxer.hikari.HikariDataSource       : HikariPool-1 - Start completed.
2023-11-03T02:18:11.376+09:00 DEBUG 6284 --- [    Test worker] o.h.t.d.sql.spi.DdlTypeRegistry          : addDescriptor(12, org.hibernate.type.descriptor.sql.internal.CapacityDependentDdlType@699d96bc) replaced previous registration(org.hibernate.type.descriptor.sql.internal.CapacityDependentDdlType@b5de9ac)
2023-11-03T02:18:11.376+09:00 DEBUG 6284 --- [    Test worker] o.h.t.d.sql.spi.DdlTypeRegistry          : addDescriptor(-9, org.hibernate.type.descriptor.sql.internal.CapacityDependentDdlType@4ecd8ab1) replaced previous registration(org.hibernate.type.descriptor.sql.internal.CapacityDependentDdlType@57bdceaa)
2023-11-03T02:18:11.376+09:00 DEBUG 6284 --- [    Test worker] o.h.t.d.sql.spi.DdlTypeRegistry          : addDescriptor(-3, org.hibernate.type.descriptor.sql.internal.CapacityDependentDdlType@52909a97) replaced previous registration(org.hibernate.type.descriptor.sql.internal.CapacityDependentDdlType@36e409e0)
2023-11-03T02:18:11.376+09:00 DEBUG 6284 --- [    Test worker] o.h.t.d.sql.spi.DdlTypeRegistry          : addDescriptor(4003, org.hibernate.type.descriptor.sql.internal.DdlTypeImpl@145e958f) replaced previous registration(org.hibernate.type.descriptor.sql.internal.DdlTypeImpl@2d2fc130)
2023-11-03T02:18:11.376+09:00 DEBUG 6284 --- [    Test worker] o.h.t.d.sql.spi.DdlTypeRegistry          : addDescriptor(4001, org.hibernate.type.descriptor.sql.internal.DdlTypeImpl@7bbdb220) replaced previous registration(org.hibernate.type.descriptor.sql.internal.DdlTypeImpl@6d001fbe)
2023-11-03T02:18:11.377+09:00 DEBUG 6284 --- [    Test worker] o.h.t.d.sql.spi.DdlTypeRegistry          : addDescriptor(4002, org.hibernate.type.descriptor.sql.internal.DdlTypeImpl@d120d7c) replaced previous registration(org.hibernate.type.descriptor.sql.internal.DdlTypeImpl@5ee77baf)
2023-11-03T02:18:11.377+09:00 DEBUG 6284 --- [    Test worker] o.h.t.d.sql.spi.DdlTypeRegistry          : addDescriptor(2004, org.hibernate.type.descriptor.sql.internal.CapacityDependentDdlType@485deee1) replaced previous registration(org.hibernate.type.descriptor.sql.internal.DdlTypeImpl@25cde5bb)
2023-11-03T02:18:11.377+09:00 DEBUG 6284 --- [    Test worker] o.h.t.d.sql.spi.DdlTypeRegistry          : addDescriptor(2005, org.hibernate.type.descriptor.sql.internal.CapacityDependentDdlType@38a96593) replaced previous registration(org.hibernate.type.descriptor.sql.internal.DdlTypeImpl@5df64b2a)
2023-11-03T02:18:11.377+09:00 DEBUG 6284 --- [    Test worker] o.h.t.d.sql.spi.DdlTypeRegistry          : addDescriptor(2011, org.hibernate.type.descriptor.sql.internal.CapacityDependentDdlType@7afb9c93) replaced previous registration(org.hibernate.type.descriptor.sql.internal.DdlTypeImpl@30d15e4a)
2023-11-03T02:18:11.378+09:00 DEBUG 6284 --- [    Test worker] o.h.t.d.jdbc.spi.JdbcTypeRegistry        : addDescriptor(NCharTypeDescriptor) replaced previous registration(CharTypeDescriptor)
2023-11-03T02:18:11.378+09:00 DEBUG 6284 --- [    Test worker] o.h.t.d.jdbc.spi.JdbcTypeRegistry        : addDescriptor(NVarcharTypeDescriptor) replaced previous registration(VarcharTypeDescriptor)
2023-11-03T02:18:11.379+09:00 DEBUG 6284 --- [    Test worker] o.h.t.d.jdbc.spi.JdbcTypeRegistry        : addDescriptor(LongNVarcharTypeDescriptor) replaced previous registration(LongVarcharTypeDescriptor)
2023-11-03T02:18:11.379+09:00 DEBUG 6284 --- [    Test worker] o.h.t.d.jdbc.spi.JdbcTypeRegistry        : addDescriptor(NClobTypeDescriptor(DEFAULT)) replaced previous registration(ClobTypeDescriptor(DEFAULT))
2023-11-03T02:18:11.379+09:00 DEBUG 6284 --- [    Test worker] o.h.t.d.jdbc.spi.JdbcTypeRegistry        : addDescriptor(2005, ClobTypeDescriptor(STREAM_BINDING)) replaced previous registration(ClobTypeDescriptor(DEFAULT))
2023-11-03T02:18:11.380+09:00 DEBUG 6284 --- [    Test worker] org.hibernate.type.BasicTypeRegistry     : Adding type registration null -> org.hibernate.type.NullType@5d221b20
2023-11-03T02:18:11.381+09:00 DEBUG 6284 --- [    Test worker] org.hibernate.type.BasicTypeRegistry     : Type registration key [null] overrode previous entry : `org.hibernate.type.NullType@7d3691e1`
2023-11-03T02:18:11.383+09:00 DEBUG 6284 --- [    Test worker] org.hibernate.type.BasicTypeRegistry     : Adding type registration org.hibernate.type.OffsetDateTimeType -> basicType@1(java.time.OffsetDateTime,3003)
2023-11-03T02:18:11.383+09:00 DEBUG 6284 --- [    Test worker] org.hibernate.type.BasicTypeRegistry     : Adding type registration OffsetDateTime -> basicType@1(java.time.OffsetDateTime,3003)
2023-11-03T02:18:11.383+09:00 DEBUG 6284 --- [    Test worker] org.hibernate.type.BasicTypeRegistry     : Adding type registration java.time.OffsetDateTime -> basicType@1(java.time.OffsetDateTime,3003)
2023-11-03T02:18:11.383+09:00 DEBUG 6284 --- [    Test worker] org.hibernate.type.BasicTypeRegistry     : Adding type registration org.hibernate.type.ZonedDateTimeType -> basicType@2(java.time.ZonedDateTime,3003)
2023-11-03T02:18:11.383+09:00 DEBUG 6284 --- [    Test worker] org.hibernate.type.BasicTypeRegistry     : Adding type registration ZonedDateTime -> basicType@2(java.time.ZonedDateTime,3003)
2023-11-03T02:18:11.383+09:00 DEBUG 6284 --- [    Test worker] org.hibernate.type.BasicTypeRegistry     : Adding type registration java.time.ZonedDateTime -> basicType@2(java.time.ZonedDateTime,3003)
2023-11-03T02:18:11.383+09:00 DEBUG 6284 --- [    Test worker] org.hibernate.type.BasicTypeRegistry     : Adding type registration org.hibernate.type.OffsetTimeType -> basicType@3(java.time.OffsetTime,3007)
2023-11-03T02:18:11.383+09:00 DEBUG 6284 --- [    Test worker] org.hibernate.type.BasicTypeRegistry     : Adding type registration OffsetTime -> basicType@3(java.time.OffsetTime,3007)
2023-11-03T02:18:11.383+09:00 DEBUG 6284 --- [    Test worker] org.hibernate.type.BasicTypeRegistry     : Adding type registration java.time.OffsetTime -> basicType@3(java.time.OffsetTime,3007)
2023-11-03T02:18:11.384+09:00 DEBUG 6284 --- [    Test worker] o.h.type.spi.TypeConfiguration$Scope     : Scoping TypeConfiguration [org.hibernate.type.spi.TypeConfiguration@4751cd3] to MetadataBuildingContext [org.hibernate.boot.internal.MetadataBuildingContextRootImpl@64ec1459]
2023-11-03T02:18:11.476+09:00  INFO 6284 --- [    Test worker] o.h.b.i.BytecodeProviderInitiator        : HHH000021: Bytecode provider name : bytebuddy
2023-11-03T02:18:11.814+09:00  INFO 6284 --- [    Test worker] o.h.e.t.j.p.i.JtaPlatformInitiator       : HHH000490: Using JtaPlatform implementation: [org.hibernate.engine.transaction.jta.platform.internal.NoJtaPlatform]
2023-11-03T02:18:11.815+09:00 DEBUG 6284 --- [    Test worker] o.h.type.spi.TypeConfiguration$Scope     : Scoping TypeConfiguration [org.hibernate.type.spi.TypeConfiguration@4751cd3] to SessionFactoryImplementor [org.hibernate.internal.SessionFactoryImpl@4511146f]
2023-11-03T02:18:11.821+09:00 DEBUG 6284 --- [    Test worker] org.hibernate.SQL                        : 
    alter table download 
       drop 
       foreign key FKo7cc91sofromqu0551ocgpn96
2023-11-03T02:18:11.833+09:00 DEBUG 6284 --- [    Test worker] org.hibernate.SQL                        : 
    alter table select_soundtrack 
       drop 
       foreign key FKjrx60nqr0qwl07o6sl2tl1jje
2023-11-03T02:18:11.839+09:00 DEBUG 6284 --- [    Test worker] org.hibernate.SQL                        : 
    alter table select_soundtrack 
       drop 
       foreign key FK4mljgm71ue73oaxkn3r9kof68
2023-11-03T02:18:11.845+09:00 DEBUG 6284 --- [    Test worker] org.hibernate.SQL                        : 
    alter table soundtrack 
       drop 
       foreign key FKknny5jkmei0rfkulr0us1icsb
2023-11-03T02:18:11.851+09:00 DEBUG 6284 --- [    Test worker] org.hibernate.SQL                        : 
    alter table soundtrack 
       drop 
       foreign key FKs5lmn78c77nxbtsvey0n8hj6i
2023-11-03T02:18:11.854+09:00 DEBUG 6284 --- [    Test worker] org.hibernate.SQL                        : 
    drop table if exists download
2023-11-03T02:18:11.855+09:00 DEBUG 6284 --- [    Test worker] org.hibernate.SQL                        : 
    drop table if exists select_soundtrack
2023-11-03T02:18:11.857+09:00 DEBUG 6284 --- [    Test worker] org.hibernate.SQL                        : 
    drop table if exists song
2023-11-03T02:18:11.858+09:00 DEBUG 6284 --- [    Test worker] org.hibernate.SQL                        : 
    drop table if exists soundtrack
2023-11-03T02:18:11.860+09:00 DEBUG 6284 --- [    Test worker] org.hibernate.SQL                        : 
    drop table if exists user
2023-11-03T02:18:11.864+09:00 DEBUG 6284 --- [    Test worker] org.hibernate.SQL                        : 
    create table download (
        download_id bigint not null auto_increment,
        last_modify_date datetime(6),
        user_id bigint,
        primary key (download_id)
    ) engine=InnoDB
2023-11-03T02:18:11.867+09:00 DEBUG 6284 --- [    Test worker] org.hibernate.SQL                        : 
    create table select_soundtrack (
        deleted bit,
        download_id bigint,
        selectsoundtrack_id bigint not null auto_increment,
        soundtrack_id bigint,
        primary key (selectsoundtrack_id)
    ) engine=InnoDB
2023-11-03T02:18:11.871+09:00 DEBUG 6284 --- [    Test worker] org.hibernate.SQL                        : 
    create table song (
        bpm integer,
        song_id bigint not null auto_increment,
        artist varchar(255),
        title varchar(255),
        primary key (song_id)
    ) engine=InnoDB
2023-11-03T02:18:11.873+09:00 DEBUG 6284 --- [    Test worker] org.hibernate.SQL                        : 
    create table soundtrack (
        bpm integer,
        likes integer,
        song_id bigint,
        soundtrack_id bigint not null auto_increment,
        upload_date datetime(6),
        user_id bigint,
        note varchar(255),
        session enum ('BASS','DRUM','ETC','GUITAR','KEYBOARD','VOCAL'),
        url varchar(255),
        primary key (soundtrack_id)
    ) engine=InnoDB
2023-11-03T02:18:11.877+09:00 DEBUG 6284 --- [    Test worker] org.hibernate.SQL                        : 
    create table user (
        user_id bigint not null auto_increment,
        name varchar(255),
        primary key (user_id)
    ) engine=InnoDB
2023-11-03T02:18:11.880+09:00 DEBUG 6284 --- [    Test worker] org.hibernate.SQL                        : 
    alter table download 
       add constraint FKo7cc91sofromqu0551ocgpn96 
       foreign key (user_id) 
       references user (user_id)
2023-11-03T02:18:11.886+09:00 DEBUG 6284 --- [    Test worker] org.hibernate.SQL                        : 
    alter table select_soundtrack 
       add constraint FKjrx60nqr0qwl07o6sl2tl1jje 
       foreign key (download_id) 
       references download (download_id)
2023-11-03T02:18:11.892+09:00 DEBUG 6284 --- [    Test worker] org.hibernate.SQL                        : 
    alter table select_soundtrack 
       add constraint FK4mljgm71ue73oaxkn3r9kof68 
       foreign key (soundtrack_id) 
       references soundtrack (soundtrack_id)
2023-11-03T02:18:11.901+09:00 DEBUG 6284 --- [    Test worker] org.hibernate.SQL                        : 
    alter table soundtrack 
       add constraint FKknny5jkmei0rfkulr0us1icsb 
       foreign key (song_id) 
       references song (song_id)
2023-11-03T02:18:11.908+09:00 DEBUG 6284 --- [    Test worker] org.hibernate.SQL                        : 
    alter table soundtrack 
       add constraint FKs5lmn78c77nxbtsvey0n8hj6i 
       foreign key (user_id) 
       references user (user_id)
2023-11-03T02:18:11.917+09:00 TRACE 6284 --- [    Test worker] o.h.type.spi.TypeConfiguration$Scope     : Handling #sessionFactoryCreated from [org.hibernate.internal.SessionFactoryImpl@4511146f] for TypeConfiguration
2023-11-03T02:18:11.917+09:00  INFO 6284 --- [    Test worker] j.LocalContainerEntityManagerFactoryBean : Initialized JPA EntityManagerFactory for persistence unit 'default'
2023-11-03T02:18:12.033+09:00  WARN 6284 --- [    Test worker] JpaBaseConfiguration$JpaWebConfiguration : spring.jpa.open-in-view is enabled by default. Therefore, database queries may be performed during view rendering. Explicitly configure spring.jpa.open-in-view to disable this warning
2023-11-03T02:18:12.224+09:00  INFO 6284 --- [    Test worker] c.example.acdc.service.UserServiceTest   : Started UserServiceTest in 1.754 seconds (process running for 2.21)
2023-11-03T02:18:12.547+09:00 DEBUG 6284 --- [    Test worker] org.hibernate.SQL                        : 
    insert 
    into
        download
        (last_modify_date,user_id) 
    values
        (?,?)
2023-11-03T02:18:12.559+09:00 DEBUG 6284 --- [    Test worker] org.hibernate.SQL                        : 
    insert 
    into
        user
        (name) 
    values
        (?)
2023-11-03T02:18:12.715+09:00 DEBUG 6284 --- [    Test worker] org.hibernate.SQL                        : 
    update
        download 
    set
        last_modify_date=?,
        user_id=? 
    where
        download_id=?
2023-11-03T02:18:12.730+09:00 DEBUG 6284 --- [    Test worker] org.hibernate.SQL                        : 
    select
        d1_0.download_id,
        d1_0.last_modify_date,
        d1_0.user_id 
    from
        download d1_0 
    where
        d1_0.user_id=? 
    order by
        d1_0.last_modify_date desc
2023-11-03T02:18:12.746+09:00 DEBUG 6284 --- [    Test worker] org.hibernate.SQL                        : 
    insert 
    into
        download
        (last_modify_date,user_id) 
    values
        (?,?)
2023-11-03T02:18:12.747+09:00 DEBUG 6284 --- [    Test worker] org.hibernate.SQL                        : 
    insert 
    into
        user
        (name) 
    values
        (?)
2023-11-03T02:18:12.748+09:00 DEBUG 6284 --- [    Test worker] org.hibernate.SQL                        : 
    update
        download 
    set
        last_modify_date=?,
        user_id=? 
    where
        download_id=?
2023-11-03T02:18:12.748+09:00 DEBUG 6284 --- [    Test worker] org.hibernate.SQL                        : 
    select
        d1_0.download_id,
        d1_0.last_modify_date,
        d1_0.user_id 
    from
        download d1_0 
    where
        d1_0.user_id=? 
    order by
        d1_0.last_modify_date desc
2023-11-03T02:18:12.749+09:00 DEBUG 6284 --- [    Test worker] org.hibernate.SQL                        : 
    insert 
    into
        download
        (last_modify_date,user_id) 
    values
        (?,?)
2023-11-03T02:18:12.750+09:00 DEBUG 6284 --- [    Test worker] org.hibernate.SQL                        : 
    insert 
    into
        user
        (name) 
    values
        (?)
2023-11-03T02:18:12.751+09:00 DEBUG 6284 --- [    Test worker] org.hibernate.SQL                        : 
    update
        download 
    set
        last_modify_date=?,
        user_id=? 
    where
        download_id=?
2023-11-03T02:18:12.752+09:00 DEBUG 6284 --- [    Test worker] org.hibernate.SQL                        : 
    select
        d1_0.download_id,
        d1_0.last_modify_date,
        d1_0.user_id 
    from
        download d1_0 
    where
        d1_0.user_id=? 
    order by
        d1_0.last_modify_date desc
2023-11-03T02:18:12.753+09:00 DEBUG 6284 --- [    Test worker] org.hibernate.SQL                        : 
    insert 
    into
        download
        (last_modify_date,user_id) 
    values
        (?,?)
2023-11-03T02:18:12.754+09:00 DEBUG 6284 --- [    Test worker] org.hibernate.SQL                        : 
    insert 
    into
        user
        (name) 
    values
        (?)
2023-11-03T02:18:12.756+09:00 DEBUG 6284 --- [    Test worker] org.hibernate.SQL                        : 
    update
        download 
    set
        last_modify_date=?,
        user_id=? 
    where
        download_id=?
2023-11-03T02:18:12.757+09:00 DEBUG 6284 --- [    Test worker] org.hibernate.SQL                        : 
    select
        d1_0.download_id,
        d1_0.last_modify_date,
        d1_0.user_id 
    from
        download d1_0 
    where
        d1_0.user_id=? 
    order by
        d1_0.last_modify_date desc
2023-11-03T02:18:12.760+09:00 DEBUG 6284 --- [    Test worker] org.hibernate.SQL                        : 
    select
        u1_0.user_id,
        u1_0.name 
    from
        user u1_0 
    where
        u1_0.name=?
2023-11-03T02:18:12.765+09:00 DEBUG 6284 --- [    Test worker] org.hibernate.SQL                        : 
    select
        u1_0.user_id,
        u1_0.name 
    from
        user u1_0 
    where
        u1_0.user_id=?
]]></system-out>
  <system-err><![CDATA[]]></system-err>
</testsuite>
